2023-01-03T09:18Z INFO main | START /C:/Outils/java-agent/nudge-3.6.1.jar
2023-01-03T09:18Z INFO main | CONFIG C:\Outils\java-agent\nudge.properties
2023-01-03T09:18Z INFO main | LOG C:\Outils\java-agent\log\nudge.log
2023-01-03T09:18Z INFO main | Version 3.6.1
2023-01-03T09:18Z SEVERE main | config app_id = b05bf3f0-18fc-46a2-923a-c206ac11e703 (mandatory)
2023-01-03T09:18Z SEVERE main | config server_url = [http://localhost:8081] (default = [])
2023-01-03T09:18Z SEVERE main | config compressed = false (default = true)
2023-01-03T09:18Z SEVERE main | config upload_config = true (default = false)
2023-01-03T09:18Z SEVERE main | config log_level = FINE (default = INFO)
2023-01-03T09:18Z SEVERE main | config capture_params = true (default = false)
2023-01-03T09:18Z SEVERE main | config capture_headers = true (default = false)
2023-01-03T09:18Z SEVERE main | config http_client_ip = true (default = false)
2023-01-03T09:18Z SEVERE main | config activate_rum = true (default = false)
2023-01-03T09:18Z SEVERE main | config log_servlet_contextlistener = true (default = false)
2023-01-03T09:18Z INFO main | Orchestrator STARTED
2023-01-03T09:18Z FINE main | ignored class : org/nudge/probe/libscan/LibScanTransformer (BootstrapClassLoader)
2023-01-03T09:18Z FINE main | checking instrumentability for - jdk/internal/vm/PostVMInitHook (BootstrapClassLoader)
2023-01-03T09:18Z FINE main | checking instrumentability for - jdk/internal/vm/PostVMInitHook$2 (BootstrapClassLoader)
2023-01-03T09:18Z FINE main | checking instrumentability for - jdk/internal/util/EnvUtils (BootstrapClassLoader)
2023-01-03T09:18Z FINE main | checking instrumentability for - jdk/internal/vm/PostVMInitHook$1 (BootstrapClassLoader)
2023-01-03T09:18Z FINE main | checking instrumentability for - sun/launcher/LauncherHelper (BootstrapClassLoader)
2023-01-03T09:18Z FINE main | checking instrumentability for - sun/launcher/LauncherHelper$ResourceBundleHolder (BootstrapClassLoader)
2023-01-03T09:18Z FINE main | checking instrumentability for - java/util/ResourceBundle$CacheKey (BootstrapClassLoader)
2023-01-03T09:18Z FINE main | checking instrumentability for - java/util/ResourceBundle$KeyElementReference (BootstrapClassLoader)
2023-01-03T09:18Z FINE main | checking instrumentability for - java/util/ResourceBundle$CacheKeyReference (BootstrapClassLoader)
2023-01-03T09:18Z FINE main | checking instrumentability for - java/util/ResourceBundle$3 (BootstrapClassLoader)
2023-01-03T09:18Z FINE main | ignored class : sun/security/util/FilePermCompat (BootstrapClassLoader)
2023-01-03T09:18Z FINE main | ignored class : sun/security/util/SecurityProperties (BootstrapClassLoader)
2023-01-03T09:18Z FINE main | checking instrumentability for - java/io/FilePermission (BootstrapClassLoader)
2023-01-03T09:18Z FINE main | checking instrumentability for - sun/launcher/resources/launcher (BootstrapClassLoader)
2023-01-03T09:18Z FINE main | checking instrumentability for - java/util/ResourceBundle$BundleReference (BootstrapClassLoader)
2023-01-03T09:18Z FINE main | checking instrumentability for - jdk/internal/module/Checks (BootstrapClassLoader)
2023-01-03T09:18Z FINE main | checking instrumentability for - java/text/MessageFormat (BootstrapClassLoader)
2023-01-03T09:18Z FINE main | checking instrumentability for - java/text/MessageFormat$Field (BootstrapClassLoader)
2023-01-03T09:18Z FINE main | checking instrumentability for - java/util/IdentityHashMap$IdentityHashMapIterator (BootstrapClassLoader)
2023-01-03T09:18Z FINE main | checking instrumentability for - java/util/IdentityHashMap$KeyIterator (BootstrapClassLoader)
2023-01-03T09:18Z FINE nudge-shutdown-hook | flush : before shutdown
2023-01-03T09:18Z FINE nudge-shutdown-hook | ignored class : org/nudge/probe/collector/CollectorImpl$2 (BootstrapClassLoader)
2023-01-03T09:18Z FINE nudge-shutdown-hook | ignored class : org/nudge/probe/collector/NudgeConnector$3 (BootstrapClassLoader)
2023-01-03T09:18Z INFO nudge | collector flush - tx: 0, rum: 0, threads 0, mbeans 0, events: 0, system: 0
2023-01-03T09:18Z FINE nudge-shutdown-hook | ignored class : org/nudge/probe/collector/NudgeConnector$WriteTo (BootstrapClassLoader)
2023-01-03T09:18Z FINE nudge-shutdown-hook | checking instrumentability for - java/io/File$TempDirectory (BootstrapClassLoader)
2023-01-03T09:18Z FINE nudge-collector | ignored class : org/nudge/dependency/cnab/probe/RawDataProtocol$RawData (BootstrapClassLoader)
2023-01-03T09:18Z FINE nudge-collector | ignored class : org/nudge/dependency/cnab/probe/RawDataProtocol$RawDataOrBuilder (BootstrapClassLoader)
2023-01-03T09:18Z FINE nudge-shutdown-hook | checking instrumentability for - java/io/FileOutputStream$1 (BootstrapClassLoader)
2023-01-03T09:18Z FINE nudge-collector | ignored class : org/nudge/dependency/cgp/MessageOrBuilder (BootstrapClassLoader)
2023-01-03T09:18Z FINE nudge-collector | ignored class : org/nudge/dependency/cgp/MessageLiteOrBuilder (BootstrapClassLoader)
2023-01-03T09:18Z FINE nudge-collector | ignored class : org/nudge/dependency/cgp/GeneratedMessage (BootstrapClassLoader)
2023-01-03T09:18Z FINE nudge-shutdown-hook | ignored class : org/nudge/probe/collector/NudgeConnector$4 (BootstrapClassLoader)
2023-01-03T09:18Z FINE nudge-collector | ignored class : org/nudge/dependency/cgp/AbstractMessage (BootstrapClassLoader)
2023-01-03T09:18Z FINE nudge-shutdown-hook | ignored class : org/nudge/probe/collector/WriteData (BootstrapClassLoader)
2023-01-03T09:18Z FINE nudge-collector | ignored class : org/nudge/dependency/cgp/Message (BootstrapClassLoader)
2023-01-03T09:18Z FINE nudge-collector | ignored class : org/nudge/dependency/cgp/MessageLite (BootstrapClassLoader)
2023-01-03T09:18Z FINE nudge-shutdown-hook | ignored class : org/nudge/dependency/oah/client/methods/RequestBuilder (BootstrapClassLoader)
2023-01-03T09:18Z FINE nudge-collector | ignored class : org/nudge/dependency/cgp/AbstractMessageLite (BootstrapClassLoader)
2023-01-03T09:18Z FINE nudge-shutdown-hook | ignored class : org/nudge/probe/collector/ApacheHttpConnector$1 (BootstrapClassLoader)
2023-01-03T09:18Z FINE nudge-shutdown-hook | ignored class : org/nudge/dependency/oah/entity/AbstractHttpEntity (BootstrapClassLoader)
2023-01-03T09:18Z FINE nudge-shutdown-hook | ignored class : org/nudge/dependency/oah/HttpEntity (BootstrapClassLoader)
2023-01-03T09:18Z FINE nudge-collector | ignored class : org/nudge/dependency/cnab/probe/RawDataProtocol$RawData$1 (BootstrapClassLoader)
2023-01-03T09:18Z FINE nudge-shutdown-hook | ignored class : org/nudge/dependency/oah/message/HeaderGroup (BootstrapClassLoader)
2023-01-03T09:18Z FINE nudge-shutdown-hook | ignored class : org/nudge/dependency/oah/Header (BootstrapClassLoader)
2023-01-03T09:18Z FINE nudge-collector | ignored class : org/nudge/dependency/cgp/AbstractParser (BootstrapClassLoader)
2023-01-03T09:18Z FINE nudge-shutdown-hook | ignored class : org/nudge/dependency/oah/message/BasicHeader (BootstrapClassLoader)
2023-01-03T09:18Z FINE nudge-collector | ignored class : org/nudge/dependency/cgp/Parser (BootstrapClassLoader)
2023-01-03T09:18Z FINE nudge-shutdown-hook | ignored class : org/nudge/dependency/oah/client/methods/RequestBuilder$InternalEntityEclosingRequest (BootstrapClassLoader)
2023-01-03T09:18Z FINE nudge-shutdown-hook | ignored class : org/nudge/dependency/oah/client/methods/HttpEntityEnclosingRequestBase (BootstrapClassLoader)
2023-01-03T09:18Z FINE nudge-collector | ignored class : org/nudge/dependency/cgp/ExtensionRegistryLite (BootstrapClassLoader)
2023-01-03T09:18Z FINE nudge-shutdown-hook | ignored class : org/nudge/dependency/oah/HttpEntityEnclosingRequest (BootstrapClassLoader)
2023-01-03T09:18Z FINE nudge-shutdown-hook | ignored class : org/nudge/dependency/oah/HttpRequest (BootstrapClassLoader)
2023-01-03T09:18Z FINE nudge-collector | ignored class : org/nudge/dependency/cgp/UnknownFieldSet (BootstrapClassLoader)
2023-01-03T09:18Z FINE nudge-shutdown-hook | ignored class : org/nudge/dependency/oah/HttpMessage (BootstrapClassLoader)
2023-01-03T09:18Z FINE nudge-collector | ignored class : org/nudge/dependency/cgp/UnknownFieldSet$Parser (BootstrapClassLoader)
2023-01-03T09:18Z FINE nudge-shutdown-hook | ignored class : org/nudge/dependency/oah/client/methods/HttpRequestBase (BootstrapClassLoader)
2023-01-03T09:18Z FINE nudge-shutdown-hook | ignored class : org/nudge/dependency/oah/client/methods/HttpUriRequest (BootstrapClassLoader)
2023-01-03T09:18Z FINE nudge-collector | ignored class : org/nudge/dependency/cnab/probe/RawDataProtocol$ServerConfig (BootstrapClassLoader)
2023-01-03T09:18Z FINE nudge-shutdown-hook | ignored class : org/nudge/dependency/oah/client/methods/AbstractExecutionAwareRequest (BootstrapClassLoader)
2023-01-03T09:18Z FINE nudge-shutdown-hook | ignored class : org/nudge/dependency/oah/client/methods/HttpExecutionAware (BootstrapClassLoader)
2023-01-03T09:18Z FINE nudge-collector | ignored class : org/nudge/dependency/cnab/probe/RawDataProtocol$ServerConfigOrBuilder (BootstrapClassLoader)
2023-01-03T09:18Z FINE nudge-shutdown-hook | ignored class : org/nudge/dependency/oah/client/methods/AbortableHttpRequest (BootstrapClassLoader)
2023-01-03T09:18Z FINE nudge-shutdown-hook | ignored class : org/nudge/dependency/oah/message/AbstractHttpMessage (BootstrapClassLoader)
2023-01-03T09:18Z FINE nudge-shutdown-hook | ignored class : org/nudge/dependency/oah/client/utils/URIUtils (BootstrapClassLoader)
2023-01-03T09:18Z FINE nudge-collector | ignored class : org/nudge/dependency/cnab/probe/RawDataProtocol$ServerConfig$1 (BootstrapClassLoader)
2023-01-03T09:18Z FINE nudge-shutdown-hook | ignored class : org/nudge/dependency/oah/HttpHost (BootstrapClassLoader)
2023-01-03T09:18Z FINE nudge-shutdown-hook | ignored class : org/nudge/dependency/oah/client/methods/HttpRequestWrapper (BootstrapClassLoader)
2023-01-03T09:18Z FINE nudge-collector | ignored class : org/nudge/dependency/cnab/probe/RawDataProtocol$JvmInfo (BootstrapClassLoader)
2023-01-03T09:18Z FINE nudge-shutdown-hook | ignored class : org/nudge/dependency/oah/client/methods/HttpRequestWrapper$HttpEntityEnclosingRequestWrapper (BootstrapClassLoader)
2023-01-03T09:18Z FINE nudge-collector | ignored class : org/nudge/dependency/cnab/probe/RawDataProtocol$JvmInfoOrBuilder (BootstrapClassLoader)
2023-01-03T09:18Z FINE nudge-shutdown-hook | ignored class : org/nudge/dependency/oah/params/BasicHttpParams (BootstrapClassLoader)
2023-01-03T09:18Z FINE nudge-shutdown-hook | ignored class : org/nudge/dependency/oah/params/AbstractHttpParams (BootstrapClassLoader)
2023-01-03T09:18Z FINE nudge-collector | ignored class : org/nudge/dependency/cnab/probe/RawDataProtocol$JvmInfo$1 (BootstrapClassLoader)
2023-01-03T09:18Z FINE nudge-shutdown-hook | ignored class : org/nudge/dependency/oah/params/HttpParams (BootstrapClassLoader)
2023-01-03T09:18Z FINE nudge-collector | ignored class : org/nudge/dependency/cnab/probe/RawDataProtocol$HeapMemory (BootstrapClassLoader)
2023-01-03T09:18Z FINE nudge-shutdown-hook | ignored class : org/nudge/dependency/oah/params/HttpParamsNames (BootstrapClassLoader)
2023-01-03T09:18Z FINE nudge-collector | ignored class : org/nudge/dependency/cnab/probe/RawDataProtocol$HeapMemoryOrBuilder (BootstrapClassLoader)
2023-01-03T09:18Z FINE nudge-shutdown-hook | ignored class : org/nudge/dependency/oah/params/HttpProtocolParams (BootstrapClassLoader)
2023-01-03T09:18Z FINE nudge-shutdown-hook | ignored class : org/nudge/dependency/oah/params/CoreProtocolPNames (BootstrapClassLoader)
2023-01-03T09:18Z FINE nudge-collector | ignored class : org/nudge/dependency/cnab/probe/RawDataProtocol$HeapMemory$1 (BootstrapClassLoader)
2023-01-03T09:18Z FINE nudge-shutdown-hook | ignored class : org/nudge/dependency/oah/message/BasicRequestLine (BootstrapClassLoader)
2023-01-03T09:18Z FINE nudge-collector | ignored class : org/nudge/dependency/cnab/probe/RawDataProtocol$GcActivity (BootstrapClassLoader)
2023-01-03T09:18Z FINE nudge-shutdown-hook | ignored class : org/nudge/dependency/oah/RequestLine (BootstrapClassLoader)
2023-01-03T09:18Z FINE nudge-collector | ignored class : org/nudge/dependency/cnab/probe/RawDataProtocol$GcActivityOrBuilder (BootstrapClassLoader)
2023-01-03T09:18Z FINE nudge-shutdown-hook | checking instrumentability for - java/util/concurrent/ConcurrentHashMap$KeySetView (BootstrapClassLoader)
2023-01-03T09:18Z FINE nudge-collector | ignored class : org/nudge/dependency/cnab/probe/RawDataProtocol$GcActivity$1 (BootstrapClassLoader)
2023-01-03T09:18Z FINE nudge-collector | ignored class : org/nudge/dependency/cnab/probe/RawDataProtocol$ThreadActivity (BootstrapClassLoader)
2023-01-03T09:18Z FINE nudge-collector | ignored class : org/nudge/dependency/cnab/probe/RawDataProtocol$ThreadActivityOrBuilder (BootstrapClassLoader)
2023-01-03T09:18Z FINE nudge-collector | ignored class : org/nudge/dependency/cnab/probe/RawDataProtocol$ThreadActivity$1 (BootstrapClassLoader)
2023-01-03T09:18Z FINE nudge-shutdown-hook | checking instrumentability for - java/util/concurrent/ConcurrentHashMap$KeyIterator (BootstrapClassLoader)
2023-01-03T09:18Z FINE nudge-collector | ignored class : org/nudge/dependency/cnab/probe/RawDataProtocol$SessionActivity (BootstrapClassLoader)
2023-01-03T09:18Z FINE nudge-collector | ignored class : org/nudge/dependency/cnab/probe/RawDataProtocol$SessionActivityOrBuilder (BootstrapClassLoader)
2023-01-03T09:18Z FINE nudge-collector | ignored class : org/nudge/dependency/cnab/probe/RawDataProtocol$SessionActivity$1 (BootstrapClassLoader)
2023-01-03T09:18Z FINE nudge-shutdown-hook | ignored class : org/nudge/dependency/oah/auth/AuthState (BootstrapClassLoader)
2023-01-03T09:18Z FINE nudge-collector | ignored class : org/nudge/dependency/cgp/LazyStringArrayList (BootstrapClassLoader)
2023-01-03T09:18Z FINE nudge-collector | ignored class : org/nudge/dependency/cgp/LazyStringList (BootstrapClassLoader)
2023-01-03T09:18Z FINE nudge-shutdown-hook | ignored class : org/nudge/dependency/oah/auth/AuthProtocolState (BootstrapClassLoader)
2023-01-03T09:18Z FINE nudge-collector | ignored class : org/nudge/dependency/cgp/ProtocolStringList (BootstrapClassLoader)
2023-01-03T09:18Z FINE nudge-shutdown-hook | ignored class : org/nudge/dependency/oah/conn/routing/HttpRoute (BootstrapClassLoader)
2023-01-03T09:18Z FINE nudge-collector | ignored class : org/nudge/dependency/cgp/UnmodifiableLazyStringList (BootstrapClassLoader)
2023-01-03T09:18Z FINE nudge-shutdown-hook | ignored class : org/nudge/dependency/oah/conn/routing/RouteInfo (BootstrapClassLoader)
2023-01-03T09:18Z FINE nudge-shutdown-hook | ignored class : org/nudge/dependency/oah/conn/routing/RouteInfo$TunnelType (BootstrapClassLoader)
2023-01-03T09:18Z FINE nudge-collector | ignored class : org/nudge/dependency/cnab/probe/RawDataProtocol$Dictionary (BootstrapClassLoader)
2023-01-03T09:18Z FINE nudge-shutdown-hook | ignored class : org/nudge/dependency/oah/conn/routing/RouteInfo$LayerType (BootstrapClassLoader)
2023-01-03T09:18Z FINE nudge-collector | ignored class : org/nudge/dependency/cnab/probe/RawDataProtocol$DictionaryOrBuilder (BootstrapClassLoader)
2023-01-03T09:18Z FINE nudge-shutdown-hook | ignored class : org/nudge/dependency/oah/client/utils/URIBuilder (BootstrapClassLoader)
2023-01-03T09:18Z FINE nudge-collector | ignored class : org/nudge/dependency/cnab/probe/RawDataProtocol$Dictionary$1 (BootstrapClassLoader)
2023-01-03T09:18Z FINE nudge-shutdown-hook | ignored class : org/nudge/dependency/oah/cookie/CookieOrigin (BootstrapClassLoader)
2023-01-03T09:18Z FINE nudge-shutdown-hook | ignored class : org/nudge/dependency/oah/impl/cookie/RFC2965Spec (BootstrapClassLoader)
2023-01-03T09:18Z FINE nudge-collector | ignored class : org/nudge/dependency/cnab/probe/RawDataProtocol$RawData$Builder (BootstrapClassLoader)
2023-01-03T09:18Z FINE nudge-shutdown-hook | ignored class : org/nudge/dependency/oah/impl/cookie/RFC2109Spec (BootstrapClassLoader)
2023-01-03T09:18Z FINE nudge-shutdown-hook | ignored class : org/nudge/dependency/oah/impl/cookie/CookieSpecBase (BootstrapClassLoader)
2023-01-03T09:18Z FINE nudge-collector | ignored class : org/nudge/dependency/cgp/GeneratedMessage$Builder (BootstrapClassLoader)
2023-01-03T09:18Z FINE nudge-shutdown-hook | ignored class : org/nudge/dependency/oah/impl/cookie/AbstractCookieSpec (BootstrapClassLoader)
2023-01-03T09:18Z FINE nudge-collector | ignored class : org/nudge/dependency/cgp/AbstractMessage$Builder (BootstrapClassLoader)
2023-01-03T09:18Z FINE nudge-shutdown-hook | ignored class : org/nudge/dependency/oah/cookie/CookieSpec (BootstrapClassLoader)
2023-01-03T09:18Z FINE nudge-shutdown-hook | ignored class : org/nudge/dependency/oah/cookie/CommonCookieAttributeHandler (BootstrapClassLoader)
2023-01-03T09:18Z FINE nudge-collector | ignored class : org/nudge/dependency/cgp/Message$Builder (BootstrapClassLoader)
2023-01-03T09:18Z FINE nudge-shutdown-hook | ignored class : org/nudge/dependency/oah/cookie/CookieAttributeHandler (BootstrapClassLoader)
2023-01-03T09:18Z FINE nudge-collector | ignored class : org/nudge/dependency/cgp/MessageLite$Builder (BootstrapClassLoader)
2023-01-03T09:18Z FINE nudge-shutdown-hook | ignored class : org/nudge/dependency/oah/impl/cookie/RFC2965VersionAttributeHandler (BootstrapClassLoader)
2023-01-03T09:18Z FINE nudge-collector | ignored class : org/nudge/dependency/cgp/AbstractMessageLite$Builder (BootstrapClassLoader)
2023-01-03T09:18Z FINE nudge-shutdown-hook | ignored class : org/nudge/dependency/oah/impl/cookie/BasicPathHandler (BootstrapClassLoader)
2023-01-03T09:18Z FINE nudge-shutdown-hook | ignored class : org/nudge/dependency/oah/impl/cookie/RFC2965DomainAttributeHandler (BootstrapClassLoader)
2023-01-03T09:18Z FINE nudge-shutdown-hook | ignored class : org/nudge/dependency/oah/impl/cookie/PublicSuffixDomainFilter (BootstrapClassLoader)
2023-01-03T09:18Z FINE nudge-collector | ignored class : org/nudge/probe/jmx/ServerConfigBuilder (BootstrapClassLoader)
2023-01-03T09:18Z FINE nudge-shutdown-hook | ignored class : org/nudge/dependency/oah/impl/cookie/RFC2965PortAttributeHandler (BootstrapClassLoader)
2023-01-03T09:18Z FINE nudge-collector | ignored class : org/nudge/dependency/cnab/probe/RawDataProtocol$ServerConfig$Builder (BootstrapClassLoader)
2023-01-03T09:18Z FINE nudge-shutdown-hook | ignored class : org/nudge/dependency/oah/impl/cookie/BasicMaxAgeHandler (BootstrapClassLoader)
2023-01-03T09:18Z FINE nudge-shutdown-hook | ignored class : org/nudge/dependency/oah/impl/cookie/AbstractCookieAttributeHandler (BootstrapClassLoader)
2023-01-03T09:18Z FINE nudge-shutdown-hook | ignored class : org/nudge/dependency/oah/impl/cookie/BasicSecureHandler (BootstrapClassLoader)
2023-01-03T09:18Z FINE nudge-shutdown-hook | ignored class : org/nudge/dependency/oah/impl/cookie/BasicCommentHandler (BootstrapClassLoader)
2023-01-03T09:18Z FINE nudge-collector | checking instrumentability for - java/lang/management/ManagementFactory (BootstrapClassLoader)
2023-01-03T09:18Z FINE nudge-shutdown-hook | ignored class : org/nudge/dependency/oah/impl/cookie/RFC2965CommentUrlAttributeHandler (BootstrapClassLoader)
2023-01-03T09:18Z FINE nudge-shutdown-hook | ignored class : org/nudge/dependency/oah/impl/cookie/RFC2965DiscardAttributeHandler (BootstrapClassLoader)
2023-01-03T09:18Z FINE nudge-shutdown-hook | ignored class : org/nudge/dependency/oah/impl/cookie/RFC2109VersionHandler (BootstrapClassLoader)
2023-01-03T09:18Z FINE nudge-shutdown-hook | ignored class : org/nudge/dependency/oah/impl/cookie/RFC2109DomainHandler (BootstrapClassLoader)
2023-01-03T09:18Z FINE nudge-shutdown-hook | ignored class : org/nudge/dependency/oah/impl/cookie/NetscapeDraftSpec (BootstrapClassLoader)
2023-01-03T09:18Z FINE nudge-shutdown-hook | ignored class : org/nudge/dependency/oah/impl/cookie/BasicDomainHandler (BootstrapClassLoader)
2023-01-03T09:18Z FINE nudge-shutdown-hook | ignored class : org/nudge/dependency/oah/impl/cookie/BasicExpiresHandler (BootstrapClassLoader)
2023-01-03T09:18Z FINE nudge-shutdown-hook | ignored class : org/nudge/dependency/oah/impl/cookie/DefaultCookieSpec (BootstrapClassLoader)
2023-01-03T09:18Z FINE nudge-shutdown-hook | ignored class : org/nudge/dependency/oah/client/AuthCache (BootstrapClassLoader)
2023-01-03T09:18Z FINE nudge-shutdown-hook | ignored class : org/nudge/dependency/oah/impl/execchain/RequestEntityProxy (BootstrapClassLoader)
2023-01-03T09:18Z FINE nudge-shutdown-hook | ignored class : org/nudge/dependency/oah/util/Asserts (BootstrapClassLoader)
2023-01-03T09:18Z FINE nudge-shutdown-hook | ignored class : org/nudge/dependency/oah/pool/AbstractConnPool$2 (BootstrapClassLoader)
2023-01-03T09:18Z FINE nudge-shutdown-hook | ignored class : org/nudge/dependency/oah/pool/PoolEntryFuture (BootstrapClassLoader)
2023-01-03T09:18Z FINE nudge-shutdown-hook | ignored class : org/nudge/dependency/oah/impl/conn/PoolingHttpClientConnectionManager$1 (BootstrapClassLoader)
2023-01-03T09:18Z FINE nudge-shutdown-hook | ignored class : org/nudge/dependency/oah/conn/ConnectionRequest (BootstrapClassLoader)
2023-01-03T09:18Z FINE nudge-shutdown-hook | ignored class : org/nudge/dependency/oah/concurrent/Cancellable (BootstrapClassLoader)
2023-01-03T09:18Z FINE nudge-shutdown-hook | ignored class : org/nudge/dependency/oah/pool/AbstractConnPool$1 (BootstrapClassLoader)
2023-01-03T09:18Z FINE nudge-collector | checking instrumentability for - java/lang/management/RuntimeMXBean (BootstrapClassLoader)
2023-01-03T09:18Z FINE nudge-shutdown-hook | ignored class : org/nudge/dependency/oah/pool/RouteSpecificPool (BootstrapClassLoader)
2023-01-03T09:18Z FINE nudge-shutdown-hook | ignored class : org/nudge/dependency/oah/util/LangUtils (BootstrapClassLoader)
2023-01-03T09:18Z FINE nudge-collector | checking instrumentability for - java/lang/management/PlatformManagedObject (BootstrapClassLoader)
2023-01-03T09:18Z FINE nudge-shutdown-hook | ignored class : org/nudge/dependency/oah/config/ConnectionConfig (BootstrapClassLoader)
2023-01-03T09:18Z FINE nudge-shutdown-hook | ignored class : org/nudge/dependency/oah/config/ConnectionConfig$Builder (BootstrapClassLoader)
2023-01-03T09:18Z FINE nudge-collector | checking instrumentability for - java/lang/management/ManagementFactory$PlatformMBeanFinder (BootstrapClassLoader)
2023-01-03T09:18Z FINE nudge-shutdown-hook | ignored class : org/nudge/dependency/oah/impl/conn/LoggingManagedHttpClientConnection (BootstrapClassLoader)
2023-01-03T09:18Z FINE nudge-collector | checking instrumentability for - java/lang/management/ManagementFactory$PlatformMBeanFinder$1 (BootstrapClassLoader)
2023-01-03T09:18Z FINE nudge-shutdown-hook | ignored class : org/nudge/dependency/oah/impl/io/HttpTransportMetricsImpl (BootstrapClassLoader)
2023-01-03T09:18Z FINE nudge-collector | checking instrumentability for - java/io/FilePermission$1 (BootstrapClassLoader)
2023-01-03T09:18Z FINE nudge-shutdown-hook | ignored class : org/nudge/dependency/oah/io/HttpTransportMetrics (BootstrapClassLoader)
2023-01-03T09:18Z FINE nudge-collector | checking instrumentability for - jdk/internal/access/JavaIOFilePermissionAccess (BootstrapClassLoader)
2023-01-03T09:18Z FINE nudge-shutdown-hook | ignored class : org/nudge/dependency/oah/impl/io/SessionInputBufferImpl (BootstrapClassLoader)
2023-01-03T09:18Z FINE nudge-shutdown-hook | ignored class : org/nudge/dependency/oah/io/SessionInputBuffer (BootstrapClassLoader)
2023-01-03T09:18Z FINE nudge-shutdown-hook | ignored class : org/nudge/dependency/oah/io/BufferInfo (BootstrapClassLoader)
2023-01-03T09:18Z FINE nudge-collector | checking instrumentability for - sun/management/spi/PlatformMBeanProvider (BootstrapClassLoader)
2023-01-03T09:18Z FINE nudge-shutdown-hook | ignored class : org/nudge/dependency/oah/config/MessageConstraints (BootstrapClassLoader)
2023-01-03T09:18Z FINE nudge-shutdown-hook | ignored class : org/nudge/dependency/oah/config/MessageConstraints$Builder (BootstrapClassLoader)
2023-01-03T09:18Z FINE nudge-collector | checking instrumentability for - jdk/management/jfr/internal/FlightRecorderMXBeanProvider (BootstrapClassLoader)
2023-01-03T09:18Z FINE nudge-shutdown-hook | ignored class : org/nudge/dependency/oah/util/ByteArrayBuffer (BootstrapClassLoader)
2023-01-03T09:18Z FINE nudge-shutdown-hook | ignored class : org/nudge/dependency/oah/impl/io/SessionOutputBufferImpl (BootstrapClassLoader)
2023-01-03T09:18Z FINE nudge-shutdown-hook | ignored class : org/nudge/dependency/oah/io/SessionOutputBuffer (BootstrapClassLoader)
2023-01-03T09:18Z FINE nudge-collector | checking instrumentability for - com/sun/management/internal/PlatformMBeanProviderImpl (BootstrapClassLoader)
2023-01-03T09:18Z FINE nudge-shutdown-hook | ignored class : org/nudge/dependency/oah/impl/HttpConnectionMetricsImpl (BootstrapClassLoader)
2023-01-03T09:18Z FINE nudge-shutdown-hook | ignored class : org/nudge/dependency/oah/HttpConnectionMetrics (BootstrapClassLoader)
2023-01-03T09:18Z FINE nudge-shutdown-hook | ignored class : org/nudge/dependency/oah/impl/io/DefaultHttpRequestWriter (BootstrapClassLoader)
2023-01-03T09:18Z FINE nudge-shutdown-hook | ignored class : org/nudge/dependency/oah/impl/io/AbstractMessageWriter (BootstrapClassLoader)
2023-01-03T09:18Z FINE nudge-shutdown-hook | ignored class : org/nudge/dependency/oah/io/HttpMessageWriter (BootstrapClassLoader)
2023-01-03T09:18Z FINE nudge-shutdown-hook | ignored class : org/nudge/dependency/oah/util/CharArrayBuffer (BootstrapClassLoader)
2023-01-03T09:18Z FINE nudge-shutdown-hook | ignored class : org/nudge/dependency/oah/impl/conn/DefaultHttpResponseParser (BootstrapClassLoader)
2023-01-03T09:18Z FINE nudge-shutdown-hook | ignored class : org/nudge/dependency/oah/impl/io/AbstractMessageParser (BootstrapClassLoader)
2023-01-03T09:18Z FINE nudge-shutdown-hook | ignored class : org/nudge/dependency/oah/io/HttpMessageParser (BootstrapClassLoader)
2023-01-03T09:18Z FINE nudge-shutdown-hook | ignored class : org/nudge/dependency/oah/impl/conn/Wire (BootstrapClassLoader)
2023-01-03T09:18Z FINE nudge-collector | checking instrumentability for - com/sun/management/internal/PlatformMBeanProviderImpl$1 (BootstrapClassLoader)
2023-01-03T09:18Z FINE nudge-shutdown-hook | ignored class : org/nudge/dependency/oah/impl/conn/CPoolEntry (BootstrapClassLoader)
2023-01-03T09:18Z FINE nudge-shutdown-hook | ignored class : org/nudge/dependency/oah/pool/PoolEntry (BootstrapClassLoader)
2023-01-03T09:18Z FINE nudge-shutdown-hook | ignored class : org/nudge/dependency/oah/impl/conn/CPoolProxy (BootstrapClassLoader)
2023-01-03T09:18Z FINE nudge-collector | checking instrumentability for - sun/management/spi/PlatformMBeanProvider$PlatformComponent (BootstrapClassLoader)
2023-01-03T09:18Z FINE nudge-shutdown-hook | ignored class : org/nudge/dependency/oah/impl/execchain/ConnectionHolder (BootstrapClassLoader)
2023-01-03T09:18Z FINE nudge-shutdown-hook | ignored class : org/nudge/dependency/oah/conn/ConnectionReleaseTrigger (BootstrapClassLoader)
2023-01-03T09:18Z FINE nudge-collector | checking instrumentability for - com/sun/management/internal/PlatformMBeanProviderImpl$2 (BootstrapClassLoader)
2023-01-03T09:18Z FINE nudge-shutdown-hook | ignored class : org/nudge/dependency/oah/conn/routing/RouteTracker (BootstrapClassLoader)
2023-01-03T09:18Z FINE nudge-collector | checking instrumentability for - com/sun/management/internal/PlatformMBeanProviderImpl$3 (BootstrapClassLoader)
2023-01-03T09:18Z FINE nudge-shutdown-hook | ignored class : org/nudge/dependency/oah/config/SocketConfig (BootstrapClassLoader)
2023-01-03T09:18Z FINE nudge-shutdown-hook | ignored class : org/nudge/dependency/oah/config/SocketConfig$Builder (BootstrapClassLoader)
2023-01-03T09:18Z FINE nudge-collector | checking instrumentability for - com/sun/management/internal/PlatformMBeanProviderImpl$4 (BootstrapClassLoader)
2023-01-03T09:18Z FINE nudge-shutdown-hook | checking instrumentability for - java/util/concurrent/ConcurrentSkipListMap$KeySet (BootstrapClassLoader)
2023-01-03T09:18Z FINE nudge-collector | checking instrumentability for - java/util/Collections$SingletonSet (BootstrapClassLoader)
2023-01-03T09:18Z FINE nudge-collector | checking instrumentability for - com/sun/management/internal/DiagnosticCommandImpl (BootstrapClassLoader)
2023-01-03T09:18Z FINE nudge-shutdown-hook | checking instrumentability for - java/util/concurrent/ConcurrentSkipListMap$KeyIterator (BootstrapClassLoader)
2023-01-03T09:18Z FINE nudge-shutdown-hook | checking instrumentability for - java/util/concurrent/ConcurrentSkipListMap$Iter (BootstrapClassLoader)
2023-01-03T09:18Z FINE nudge-shutdown-hook | checking instrumentability for - java/net/InetAddress$NameServiceAddresses (BootstrapClassLoader)
2023-01-03T09:18Z FINE nudge-shutdown-hook | checking instrumentability for - java/net/InetAddress$Addresses (BootstrapClassLoader)
2023-01-03T09:18Z FINE nudge-collector | checking instrumentability for - com/sun/management/DiagnosticCommandMBean (BootstrapClassLoader)
2023-01-03T09:18Z FINE nudge-collector | ignored class : javax/management/DynamicMBean (BootstrapClassLoader)
2023-01-03T09:18Z FINE nudge-collector | checking instrumentability for - sun/management/NotificationEmitterSupport (BootstrapClassLoader)
2023-01-03T09:18Z FINE nudge-collector | ignored class : javax/management/NotificationEmitter (BootstrapClassLoader)
2023-01-03T09:18Z FINE nudge-collector | ignored class : javax/management/NotificationBroadcaster (BootstrapClassLoader)
2023-01-03T09:18Z FINE nudge-collector | checking instrumentability for - sun/management/ManagementFactoryHelper (BootstrapClassLoader)
2023-01-03T09:18Z FINE nudge-collector | checking instrumentability for - sun/management/VMManagementImpl (BootstrapClassLoader)
2023-01-03T09:18Z FINE nudge-collector | checking instrumentability for - sun/management/VMManagement (BootstrapClassLoader)
2023-01-03T09:18Z FINE nudge-collector | checking instrumentability for - com/sun/management/internal/PlatformMBeanProviderImpl$5 (BootstrapClassLoader)
2023-01-03T09:18Z FINE nudge-collector | checking instrumentability for - java/lang/management/DefaultPlatformMBeanProvider (BootstrapClassLoader)
2023-01-03T09:18Z FINE nudge-shutdown-hook | checking instrumentability for - sun/net/InetAddressCachePolicy (BootstrapClassLoader)
2023-01-03T09:18Z FINE nudge-collector | checking instrumentability for - java/lang/management/DefaultPlatformMBeanProvider$1 (BootstrapClassLoader)
2023-01-03T09:18Z FINE nudge-shutdown-hook | checking instrumentability for - sun/net/InetAddressCachePolicy$1 (BootstrapClassLoader)
2023-01-03T09:18Z FINE nudge-collector | checking instrumentability for - java/lang/management/DefaultPlatformMBeanProvider$2 (BootstrapClassLoader)
2023-01-03T09:18Z FINE nudge-shutdown-hook | checking instrumentability for - sun/net/InetAddressCachePolicy$2 (BootstrapClassLoader)
2023-01-03T09:18Z FINE nudge-collector | checking instrumentability for - java/lang/management/DefaultPlatformMBeanProvider$3 (BootstrapClassLoader)
2023-01-03T09:18Z FINE nudge-shutdown-hook | checking instrumentability for - java/net/InetAddress$CachedAddresses (BootstrapClassLoader)
2023-01-03T09:18Z FINE nudge-collector | checking instrumentability for - java/lang/management/DefaultPlatformMBeanProvider$4 (BootstrapClassLoader)
2023-01-03T09:18Z FINE nudge-collector | checking instrumentability for - java/lang/management/DefaultPlatformMBeanProvider$5 (BootstrapClassLoader)
2023-01-03T09:18Z FINE nudge-shutdown-hook | checking instrumentability for - java/util/concurrent/atomic/Striped64$1 (BootstrapClassLoader)
2023-01-03T09:18Z FINE nudge-collector | checking instrumentability for - java/lang/management/DefaultPlatformMBeanProvider$6 (BootstrapClassLoader)
2023-01-03T09:18Z FINE nudge-shutdown-hook | checking instrumentability for - java/net/Socket (BootstrapClassLoader)
2023-01-03T09:18Z FINE nudge-collector | checking instrumentability for - java/lang/management/DefaultPlatformMBeanProvider$7 (BootstrapClassLoader)
2023-01-03T09:18Z FINE nudge-collector | checking instrumentability for - java/lang/management/DefaultPlatformMBeanProvider$8 (BootstrapClassLoader)
2023-01-03T09:18Z FINE nudge-collector | checking instrumentability for - sun/management/ManagementFactoryHelper$LoggingMXBeanAccess (BootstrapClassLoader)
2023-01-03T09:18Z FINE nudge-shutdown-hook | checking instrumentability for - java/net/SocketImpl (BootstrapClassLoader)
2023-01-03T09:18Z FINE nudge-collector | checking instrumentability for - sun/management/ManagementFactoryHelper$LoggingMXBeanAccess$1 (BootstrapClassLoader)
2023-01-03T09:18Z FINE nudge-shutdown-hook | checking instrumentability for - java/net/SocketOptions (BootstrapClassLoader)
2023-01-03T09:18Z FINE nudge-collector | checking instrumentability for - java/util/logging/LogManager (BootstrapClassLoader)
2023-01-03T09:18Z FINE nudge-collector | checking instrumentability for - java/lang/management/DefaultPlatformMBeanProvider$9 (BootstrapClassLoader)
2023-01-03T09:18Z FINE nudge-shutdown-hook | checking instrumentability for - sun/net/NetProperties (BootstrapClassLoader)
2023-01-03T09:18Z FINE nudge-shutdown-hook | checking instrumentability for - sun/net/NetProperties$1 (BootstrapClassLoader)
2023-01-03T09:18Z FINE nudge-collector | checking instrumentability for - java/lang/management/DefaultPlatformMBeanProvider$10 (BootstrapClassLoader)
2023-01-03T09:18Z FINE nudge-collector | checking instrumentability for - java/lang/management/DefaultPlatformMBeanProvider$11 (BootstrapClassLoader)
2023-01-03T09:18Z FINE nudge-collector | checking instrumentability for - jdk/management/jfr/FlightRecorderMXBean (BootstrapClassLoader)
2023-01-03T09:18Z FINE nudge-shutdown-hook | checking instrumentability for - sun/nio/ch/NioSocketImpl (BootstrapClassLoader)
2023-01-03T09:18Z FINE nudge-collector | checking instrumentability for - jdk/management/jfr/internal/FlightRecorderMXBeanProvider$SingleMBeanComponent (BootstrapClassLoader)
2023-01-03T09:18Z FINE nudge-collector | checking instrumentability for - java/util/HashMap$ValueSpliterator (BootstrapClassLoader)
2023-01-03T09:18Z FINE nudge-shutdown-hook | checking instrumentability for - sun/net/PlatformSocketImpl (BootstrapClassLoader)
2023-01-03T09:18Z FINE nudge-shutdown-hook | checking instrumentability for - sun/nio/ch/SocketDispatcher (BootstrapClassLoader)
2023-01-03T09:18Z FINE nudge-shutdown-hook | checking instrumentability for - java/net/SocksSocketImpl (BootstrapClassLoader)
2023-01-03T09:18Z FINE nudge-shutdown-hook | checking instrumentability for - java/net/SocksConsts (BootstrapClassLoader)
2023-01-03T09:18Z FINE nudge-collector | checking instrumentability for - java/util/stream/ReduceOps$2 (BootstrapClassLoader)
2023-01-03T09:18Z FINE nudge-shutdown-hook | checking instrumentability for - java/net/DelegatingSocketImpl (BootstrapClassLoader)
2023-01-03T09:18Z FINE nudge-shutdown-hook | checking instrumentability for - sun/nio/ch/Net (BootstrapClassLoader)
2023-01-03T09:18Z FINE nudge-collector | checking instrumentability for - java/util/stream/ReduceOps$2ReducingSink (BootstrapClassLoader)
2023-01-03T09:18Z FINE nudge-shutdown-hook | checking instrumentability for - sun/nio/ch/Net$1 (BootstrapClassLoader)
2023-01-03T09:18Z FINE nudge-shutdown-hook | checking instrumentability for - java/net/ProtocolFamily (BootstrapClassLoader)
2023-01-03T09:18Z FINE nudge-shutdown-hook | checking instrumentability for - sun/net/ext/ExtendedSocketOptions (BootstrapClassLoader)
2023-01-03T09:18Z FINE nudge-collector | checking instrumentability for - sun/management/RuntimeImpl (BootstrapClassLoader)
2023-01-03T09:18Z FINE nudge-shutdown-hook | checking instrumentability for - jdk/net/ExtendedSocketOptions (BootstrapClassLoader)
2023-01-03T09:18Z FINE nudge-shutdown-hook | checking instrumentability for - jdk/net/ExtendedSocketOptions$ExtSocketOption (BootstrapClassLoader)
2023-01-03T09:18Z FINE nudge-collector | checking instrumentability for - java/util/Collections$SingletonMap (BootstrapClassLoader)
2023-01-03T09:18Z FINE nudge-shutdown-hook | checking instrumentability for - java/net/SocketOption (BootstrapClassLoader)
2023-01-03T09:18Z FINE nudge-shutdown-hook | checking instrumentability for - jdk/net/UnixDomainPrincipal (BootstrapClassLoader)
2023-01-03T09:18Z FINE nudge-shutdown-hook | checking instrumentability for - jdk/net/ExtendedSocketOptions$PlatformSocketOptions (BootstrapClassLoader)
2023-01-03T09:18Z FINE nudge-collector | checking instrumentability for - java/util/Collections$2 (BootstrapClassLoader)
2023-01-03T09:18Z FINE nudge-shutdown-hook | checking instrumentability for - jdk/net/ExtendedSocketOptions$PlatformSocketOptions$1 (BootstrapClassLoader)
2023-01-03T09:18Z FINE nudge-shutdown-hook | checking instrumentability for - jdk/net/ExtendedSocketOptions$1 (BootstrapClassLoader)
2023-01-03T09:18Z FINE nudge-shutdown-hook | checking instrumentability for - java/net/InetSocketAddress (BootstrapClassLoader)
2023-01-03T09:18Z FINE nudge-shutdown-hook | checking instrumentability for - java/net/SocketAddress (BootstrapClassLoader)
2023-01-03T09:18Z FINE nudge-shutdown-hook | checking instrumentability for - java/net/StandardProtocolFamily (BootstrapClassLoader)
2023-01-03T09:18Z FINE nudge-shutdown-hook | checking instrumentability for - java/net/StandardSocketOptions (BootstrapClassLoader)
2023-01-03T09:18Z FINE nudge-shutdown-hook | checking instrumentability for - java/net/StandardSocketOptions$StdSocketOption (BootstrapClassLoader)
2023-01-03T09:18Z FINE nudge-shutdown-hook | checking instrumentability for - sun/nio/ch/SocketOptionRegistry (BootstrapClassLoader)
2023-01-03T09:18Z FINE nudge-collector | checking instrumentability for - java/net/InetAddress$CachedLocalHost (BootstrapClassLoader)
2023-01-03T09:18Z FINE nudge-shutdown-hook | checking instrumentability for - sun/nio/ch/SocketOptionRegistry$RegistryKey (BootstrapClassLoader)
2023-01-03T09:18Z FINE nudge-shutdown-hook | checking instrumentability for - sun/nio/ch/SocketOptionRegistry$LazyInitialization (BootstrapClassLoader)
2023-01-03T09:18Z FINE nudge-collector | checking instrumentability for - java/lang/invoke/MethodHandleImpl$AsVarargsCollector (BootstrapClassLoader)
2023-01-03T09:18Z FINE nudge-shutdown-hook | checking instrumentability for - sun/nio/ch/OptionKey (BootstrapClassLoader)
2023-01-03T09:18Z FINE nudge-shutdown-hook | checking instrumentability for - sun/nio/ch/ExtendedSocketOption (BootstrapClassLoader)
2023-01-03T09:18Z FINE nudge-shutdown-hook | checking instrumentability for - sun/nio/ch/ExtendedSocketOption$1 (BootstrapClassLoader)
2023-01-03T09:18Z FINE nudge-shutdown-hook | checking instrumentability for - java/net/InetSocketAddress$InetSocketAddressHolder (BootstrapClassLoader)
2023-01-03T09:18Z FINE nudge-shutdown-hook | checking instrumentability for - java/net/SocksSocketImpl$3 (BootstrapClassLoader)
2023-01-03T09:18Z FINE nudge-shutdown-hook | checking instrumentability for - java/net/ProxySelector (BootstrapClassLoader)
2023-01-03T09:18Z FINE nudge-shutdown-hook | checking instrumentability for - sun/net/spi/DefaultProxySelector (BootstrapClassLoader)
2023-01-03T09:18Z FINE nudge-shutdown-hook | checking instrumentability for - java/net/Proxy (BootstrapClassLoader)
2023-01-03T09:18Z FINE nudge-shutdown-hook | checking instrumentability for - sun/net/spi/DefaultProxySelector$1 (BootstrapClassLoader)
2023-01-03T09:18Z FINE nudge-collector | checking instrumentability for - java/lang/invoke/BoundMethodHandle$Species_LL (BootstrapClassLoader)
2023-01-03T09:18Z FINE nudge-shutdown-hook | checking instrumentability for - sun/net/spi/DefaultProxySelector$NonProxyInfo (BootstrapClassLoader)
2023-01-03T09:18Z FINE nudge-shutdown-hook | checking instrumentability for - sun/net/spi/DefaultProxySelector$3 (BootstrapClassLoader)
2023-01-03T09:18Z FINE nudge-shutdown-hook | checking instrumentability for - sun/net/NetHooks (BootstrapClassLoader)
2023-01-03T09:18Z FINE nudge-shutdown-hook | ignored class : org/nudge/dependency/oah/impl/auth/HttpAuthenticator$1 (BootstrapClassLoader)
2023-01-03T09:18Z FINE nudge-shutdown-hook | checking instrumentability for - java/net/Socket$SocketInputStream (BootstrapClassLoader)
2023-01-03T09:18Z FINE nudge-collector | checking instrumentability for - java/lang/invoke/BoundMethodHandle$Species_LLL (BootstrapClassLoader)
2023-01-03T09:18Z FINE nudge-shutdown-hook | checking instrumentability for - sun/nio/ch/NioSocketImpl$1 (BootstrapClassLoader)
2023-01-03T09:18Z FINE nudge-shutdown-hook | checking instrumentability for - java/net/Socket$SocketOutputStream (BootstrapClassLoader)
2023-01-03T09:18Z FINE nudge-collector | checking instrumentability for - java/lang/invoke/BoundMethodHandle$Species_LLLL (BootstrapClassLoader)
2023-01-03T09:18Z FINE nudge-shutdown-hook | checking instrumentability for - sun/nio/ch/NioSocketImpl$2 (BootstrapClassLoader)
2023-01-03T09:18Z FINE nudge-shutdown-hook | ignored class : org/nudge/dependency/oah/message/BasicListHeaderIterator (BootstrapClassLoader)
2023-01-03T09:18Z FINE nudge-shutdown-hook | ignored class : org/nudge/dependency/oah/HeaderIterator (BootstrapClassLoader)
2023-01-03T09:18Z FINE nudge-shutdown-hook | ignored class : org/nudge/dependency/oah/FormattedHeader (BootstrapClassLoader)
2023-01-03T09:18Z FINE nudge-collector | checking instrumentability for - java/lang/invoke/BoundMethodHandle$Species_LLLLL (BootstrapClassLoader)
2023-01-03T09:18Z FINE nudge-shutdown-hook | ignored class : org/nudge/dependency/oah/impl/io/ContentLengthOutputStream (BootstrapClassLoader)
2023-01-03T09:18Z FINE nudge-collector | checking instrumentability for - java/lang/invoke/MethodHandles$1 (BootstrapClassLoader)
2023-01-03T09:18Z FINE nudge-collector | checking instrumentability for - java/lang/invoke/BoundMethodHandle$Species_LJ (BootstrapClassLoader)
2023-01-03T09:18Z FINE nudge-collector | checking instrumentability for - java/lang/invoke/BoundMethodHandle$Species_LLLLLL (BootstrapClassLoader)
2023-01-03T09:18Z FINE nudge-collector | checking instrumentability for - java/lang/invoke/BoundMethodHandle$Species_LLLLLLL (BootstrapClassLoader)
2023-01-03T09:18Z FINE nudge-collector | ignored class : org/nudge/dependency/cnab/probe/RawDataProtocol$JvmInfo$Builder (BootstrapClassLoader)
2023-01-03T09:18Z FINE nudge-collector | ignored class : org/nudge/dependency/cgp/RepeatedFieldBuilder (BootstrapClassLoader)
2023-01-03T09:18Z FINE nudge-collector | ignored class : org/nudge/dependency/cgp/GeneratedMessage$BuilderParent (BootstrapClassLoader)
2023-01-03T09:18Z FINE nudge-collector | ignored class : org/nudge/dependency/cgp/GeneratedMessage$Builder$BuilderParentImpl (BootstrapClassLoader)
2023-01-03T09:18Z FINE nudge-collector | ignored class : org/nudge/dependency/cnab/probe/RawDataProtocol$KeyValue (BootstrapClassLoader)
2023-01-03T09:18Z FINE nudge-collector | ignored class : org/nudge/dependency/cnab/probe/RawDataProtocol$KeyValueOrBuilder (BootstrapClassLoader)
2023-01-03T09:18Z FINE nudge-collector | ignored class : org/nudge/dependency/cnab/probe/RawDataProtocol$KeyValue$1 (BootstrapClassLoader)
2023-01-03T09:18Z FINE nudge-collector | ignored class : org/nudge/dependency/cgp/SingleFieldBuilder (BootstrapClassLoader)
2023-01-03T09:18Z FINE nudge-collector | ignored class : org/nudge/dependency/cnab/probe/RawDataProtocol$KeyValue$Builder (BootstrapClassLoader)
2023-01-03T09:18Z FINE nudge-collector | checking instrumentability for - sun/management/Util (BootstrapClassLoader)
2023-01-03T09:18Z FINE nudge-collector | checking instrumentability for - java/lang/management/ManagementPermission (BootstrapClassLoader)
2023-01-03T09:18Z FINE nudge-collector | checking instrumentability for - java/util/concurrent/ConcurrentLinkedQueue$Itr (BootstrapClassLoader)
2023-01-03T09:18Z FINE nudge-collector | ignored class : org/nudge/dependency/cnab/probe/RawDataProtocol$HeapMemory$Builder (BootstrapClassLoader)
2023-01-03T09:18Z FINE nudge-collector | checking instrumentability for - java/lang/management/MemoryMXBean (BootstrapClassLoader)
2023-01-03T09:18Z FINE nudge-collector | checking instrumentability for - sun/management/MemoryImpl (BootstrapClassLoader)
2023-01-03T09:18Z FINE nudge-collector | checking instrumentability for - java/lang/management/MemoryUsage (BootstrapClassLoader)
2023-01-03T09:18Z FINE nudge-collector | ignored class : org/nudge/dependency/cnab/probe/RawDataProtocol$GcActivity$Builder (BootstrapClassLoader)
2023-01-03T09:18Z FINE nudge-collector | checking instrumentability for - java/lang/management/GarbageCollectorMXBean (BootstrapClassLoader)
2023-01-03T09:18Z FINE nudge-collector | checking instrumentability for - java/lang/management/MemoryManagerMXBean (BootstrapClassLoader)
2023-01-03T09:18Z FINE nudge-collector | checking instrumentability for - sun/management/MemoryManagerImpl (BootstrapClassLoader)
2023-01-03T09:18Z FINE nudge-collector | checking instrumentability for - com/sun/management/internal/GarbageCollectorExtImpl (BootstrapClassLoader)
2023-01-03T09:18Z FINE nudge-collector | checking instrumentability for - com/sun/management/GarbageCollectorMXBean (BootstrapClassLoader)
2023-01-03T09:18Z FINE nudge-collector | checking instrumentability for - sun/management/GarbageCollectorImpl (BootstrapClassLoader)
2023-01-03T09:18Z FINE nudge-collector | checking instrumentability for - java/lang/invoke/LambdaFormEditor$1 (BootstrapClassLoader)
2023-01-03T09:18Z FINE nudge-collector | checking instrumentability for - java/util/TreeMap$EntrySet (BootstrapClassLoader)
2023-01-03T09:18Z FINE nudge-collector | checking instrumentability for - java/util/TreeMap$EntryIterator (BootstrapClassLoader)
2023-01-03T09:18Z FINE nudge-collector | checking instrumentability for - java/util/ArrayList$ArrayListSpliterator (BootstrapClassLoader)
2023-01-03T09:18Z FINE nudge-collector | ignored class : org/nudge/dependency/cnab/probe/RawDataProtocol$ThreadActivity$Builder (BootstrapClassLoader)
2023-01-03T09:18Z FINE nudge-collector | checking instrumentability for - java/lang/management/ThreadMXBean (BootstrapClassLoader)
2023-01-03T09:18Z FINE nudge-collector | checking instrumentability for - com/sun/management/internal/HotSpotThreadImpl (BootstrapClassLoader)
2023-01-03T09:18Z FINE nudge-collector | checking instrumentability for - com/sun/management/ThreadMXBean (BootstrapClassLoader)
2023-01-03T09:18Z FINE nudge-collector | checking instrumentability for - sun/management/ThreadImpl (BootstrapClassLoader)
2023-01-03T09:18Z FINE nudge-collector | checking instrumentability for - java/lang/management/ThreadInfo (BootstrapClassLoader)
2023-01-03T09:18Z FINE nudge-collector | checking instrumentability for - java/lang/management/MonitorInfo (BootstrapClassLoader)
2023-01-03T09:18Z FINE nudge-collector | checking instrumentability for - java/lang/management/LockInfo (BootstrapClassLoader)
2023-01-03T09:18Z FINE nudge-collector | ignored class : org/nudge/dependency/cnab/probe/RawDataProtocol$Dictionary$Builder (BootstrapClassLoader)
2023-01-03T09:18Z FINE nudge-collector | ignored class : org/nudge/probe/collector/NudgeConnector$1 (BootstrapClassLoader)
2023-01-03T09:18Z FINE nudge-collector | ignored class : org/nudge/dependency/cgp/CodedOutputStream (BootstrapClassLoader)
2023-01-03T09:18Z FINE nudge-collector | ignored class : org/nudge/dependency/cgp/WireFormat (BootstrapClassLoader)
2023-01-03T09:18Z FINE nudge-collector | ignored class : org/nudge/dependency/cgp/ByteString (BootstrapClassLoader)
2023-01-03T09:18Z FINE nudge-collector | ignored class : org/nudge/dependency/cgp/LiteralByteString (BootstrapClassLoader)
2023-01-03T09:18Z FINE nudge-collector | ignored class : org/nudge/probe/collector/NudgeConnector$2 (BootstrapClassLoader)
2023-01-03T09:18Z FINE nudge-collector | ignored class : org/nudge/dependency/oaci/output/CountingOutputStream (BootstrapClassLoader)
2023-01-03T09:18Z FINE nudge-collector | ignored class : org/nudge/dependency/oaci/output/ProxyOutputStream (BootstrapClassLoader)
2023-01-03T09:18Z FINE nudge-collector | 4 KB sent to nudge platform
2023-01-03T09:18Z FINE nudge-shutdown-hook | ignored class : org/nudge/dependency/oah/message/ParserCursor (BootstrapClassLoader)
2023-01-03T09:18Z FINE nudge-shutdown-hook | ignored class : org/nudge/dependency/oah/protocol/HTTP (BootstrapClassLoader)
2023-01-03T09:18Z FINE nudge-shutdown-hook | ignored class : org/nudge/dependency/oah/message/BasicStatusLine (BootstrapClassLoader)
2023-01-03T09:18Z FINE nudge-shutdown-hook | ignored class : org/nudge/dependency/oah/StatusLine (BootstrapClassLoader)
2023-01-03T09:18Z FINE nudge-shutdown-hook | ignored class : org/nudge/dependency/oah/message/BasicHttpResponse (BootstrapClassLoader)
2023-01-03T09:18Z FINE nudge-shutdown-hook | ignored class : org/nudge/dependency/oah/HttpResponse (BootstrapClassLoader)
2023-01-03T09:18Z FINE nudge-shutdown-hook | ignored class : org/nudge/dependency/oah/message/BufferedHeader (BootstrapClassLoader)
2023-01-03T09:18Z FINE nudge-shutdown-hook | ignored class : org/nudge/dependency/oah/entity/BasicHttpEntity (BootstrapClassLoader)
2023-01-03T09:18Z FINE nudge-shutdown-hook | ignored class : org/nudge/dependency/oah/impl/io/EmptyInputStream (BootstrapClassLoader)
2023-01-03T09:18Z FINE nudge-shutdown-hook | ignored class : org/nudge/dependency/oah/message/BasicTokenIterator (BootstrapClassLoader)
2023-01-03T09:18Z FINE nudge-shutdown-hook | ignored class : org/nudge/dependency/oah/TokenIterator (BootstrapClassLoader)
2023-01-03T09:18Z FINE nudge-shutdown-hook | ignored class : org/nudge/dependency/oah/message/BasicHeaderIterator (BootstrapClassLoader)
2023-01-03T09:18Z FINE nudge-shutdown-hook | ignored class : org/nudge/dependency/oah/message/BasicHeaderElementIterator (BootstrapClassLoader)
2023-01-03T09:18Z FINE nudge-shutdown-hook | ignored class : org/nudge/dependency/oah/HeaderElementIterator (BootstrapClassLoader)
2023-01-03T09:18Z FINE nudge-shutdown-hook | ignored class : org/nudge/dependency/oah/message/BasicHeaderValueParser (BootstrapClassLoader)
2023-01-03T09:18Z FINE nudge-shutdown-hook | ignored class : org/nudge/dependency/oah/message/HeaderValueParser (BootstrapClassLoader)
2023-01-03T09:18Z FINE nudge-shutdown-hook | ignored class : org/nudge/dependency/oah/message/TokenParser (BootstrapClassLoader)
2023-01-03T09:18Z FINE nudge-shutdown-hook | checking instrumentability for - java/util/BitSet (BootstrapClassLoader)
2023-01-03T09:18Z FINE nudge-shutdown-hook | ignored class : org/nudge/dependency/oah/message/BasicNameValuePair (BootstrapClassLoader)
2023-01-03T09:18Z FINE nudge-shutdown-hook | ignored class : org/nudge/dependency/oah/NameValuePair (BootstrapClassLoader)
2023-01-03T09:18Z FINE nudge-shutdown-hook | ignored class : org/nudge/dependency/oah/message/BasicHeaderElement (BootstrapClassLoader)
2023-01-03T09:18Z FINE nudge-shutdown-hook | ignored class : org/nudge/dependency/oah/HeaderElement (BootstrapClassLoader)
2023-01-03T09:18Z FINE nudge-shutdown-hook | checking instrumentability for - javax/net/ssl/SSLSocket (BootstrapClassLoader)
2023-01-03T09:18Z FINE nudge-shutdown-hook | ignored class : org/nudge/dependency/oah/impl/execchain/HttpResponseProxy (BootstrapClassLoader)
2023-01-03T09:18Z FINE nudge-shutdown-hook | ignored class : org/nudge/dependency/oah/client/methods/CloseableHttpResponse (BootstrapClassLoader)
2023-01-03T09:18Z FINE nudge-shutdown-hook | ignored class : org/nudge/dependency/oah/impl/execchain/ResponseEntityProxy (BootstrapClassLoader)
2023-01-03T09:18Z FINE nudge-shutdown-hook | ignored class : org/nudge/dependency/oah/conn/EofSensorWatcher (BootstrapClassLoader)
2023-01-03T09:18Z FINE nudge-shutdown-hook | ignored class : org/nudge/dependency/oah/entity/HttpEntityWrapper (BootstrapClassLoader)
2023-01-03T09:18Z FINE nudge-shutdown-hook | ignored class : org/nudge/probe/collector/HttpConnectorResponse (BootstrapClassLoader)
2023-01-03T09:18Z FINE nudge-shutdown-hook | data sent to PUT http://localhost:8081/collect/upload/b05bf3f0-18fc-46a2-923a-c206ac11e703/BB80EF97/nudge.properties
